mai. 09, 2025 6:00:41 PM liquibase.changelog
INFO: Reading resource: db/changelog/migrations/db.changelog-202408191938.sql
mai. 09, 2025 6:00:41 PM liquibase.changelog
INFO: Reading resource: db/changelog/migrations/db.changelog-202408210954.sql
mai. 09, 2025 6:00:41 PM liquibase.changelog
INFO: Reading resource: db/changelog/migrations/db.changelog-202408211004.sql
mai. 09, 2025 6:00:41 PM liquibase.changelog
INFO: Reading resource: db/changelog/migrations/db.changelog-202408211005.sql
mai. 09, 2025 6:00:41 PM liquibase.changelog
INFO: Reading resource: db/changelog/migrations/db.changelog-202408281807.sql
mai. 09, 2025 6:00:42 PM liquibase.changelog
INFO: Reading from board.databasechangelog
mai. 09, 2025 6:00:42 PM liquibase.lockservice
INFO: Successfully acquired change log lock
mai. 09, 2025 6:00:42 PM liquibase.command
INFO: Using deploymentId: 6824442858
mai. 09, 2025 6:00:42 PM liquibase.changelog
INFO: Reading from board.databasechangelog
Running Changeset: db/changelog/migrations/db.changelog-202408281807.sql::202408191938::patricia
mai. 09, 2025 6:00:43 PM liquibase.changelog
INFO: Custom SQL executed
mai. 09, 2025 6:00:43 PM liquibase.changelog
INFO: ChangeSet db/changelog/migrations/db.changelog-202408281807.sql::202408191938::patricia ran successfully in 422ms

UPDATE SUMMARY
Run:                          1
Previously run:               4
Filtered out:                 0
-------------------------------
Total change sets:            5

mai. 09, 2025 6:00:43 PM liquibase.util
INFO: UPDATE SUMMARY
mai. 09, 2025 6:00:43 PM liquibase.util
INFO: Run:                          1
mai. 09, 2025 6:00:43 PM liquibase.util
INFO: Previously run:               4
mai. 09, 2025 6:00:43 PM liquibase.util
INFO: Filtered out:                 0
mai. 09, 2025 6:00:43 PM liquibase.util
INFO: -------------------------------
mai. 09, 2025 6:00:43 PM liquibase.util
INFO: Total change sets:            5
mai. 09, 2025 6:00:43 PM liquibase.util
INFO: Update summary generated
mai. 09, 2025 6:00:43 PM liquibase.command
INFO: Update command completed successfully.
Liquibase: Update has been successful. Rows affected: 1
mai. 09, 2025 6:00:43 PM liquibase.lockservice
INFO: Successfully released change log lock
mai. 09, 2025 6:00:43 PM liquibase.command
INFO: Command execution complete
